<?xml version="1.0" encoding="UTF-8"?>
<!-- Generated by org.testng.reporters.JUnitXMLReporter -->
<testsuite ignored="3" hostname="Jananis-MacBook-Air.local" failures="0" tests="1" name="Default test" time="42.992" errors="0" timestamp="12 May 2019 01:14:25 GMT">
  <testcase classname="com.lotus.AndroidAutomationTests" name="emulatorWebTest" time="42.954"/>
  <testcase classname="com.lotus.AndroidAutomationTests" name="emulatorAppTest" time="0.0">
    <ignored/>
  </testcase> <!-- emulatorAppTest -->
  <testcase classname="com.lotus.AndroidAutomationTests" name="realDeviceTest" time="0.0">
    <ignored/>
  </testcase> <!-- realDeviceTest -->
  <testcase classname="com.lotus.AndroidAutomationTests" name="emulatorNativeAppTest" time="0.0">
    <ignored/>
  </testcase> <!-- emulatorNativeAppTest -->
</testsuite> <!-- Default test -->
