<?xml version="1.0" encoding="UTF-8"?>
<testng-results ignored="3" total="4" passed="1" failed="0" skipped="0">
  <reporter-output>
  </reporter-output>
  <suite started-at="2019-05-12T01:13:42Z" name="Default suite" finished-at="2019-05-12T01:14:25Z" duration-ms="42992">
    <groups>
    </groups>
    <test started-at="2019-05-12T01:13:42Z" name="Default test" finished-at="2019-05-12T01:14:25Z" duration-ms="42992">
      <class name="com.lotus.AndroidAutomationTests">
        <test-method signature="emulatorWebTest()[pri:0, instance:com.lotus.AndroidAutomationTests@485966cc]" started-at="2019-05-12T01:13:42Z" name="emulatorWebTest" finished-at="2019-05-12T01:14:25Z" duration-ms="42954" status="PASS">
          <reporter-output>
          </reporter-output>
        </test-method> <!-- emulatorWebTest -->
      </class> <!-- com.lotus.AndroidAutomationTests -->
    </test> <!-- Default test -->
  </suite> <!-- Default suite -->
</testng-results>
